<?xml version="1.0" encoding="UTF-8"?>
<!-- Generated by org.testng.reporters.JUnitXMLReporter -->
<testsuite ignored="3" hostname="WINAA20CC6M3" failures="0" tests="1" name="Default test" time="10.123" errors="0" timestamp="2024-10-21T20:45:08 COT">
  <testcase classname="org.nagra.testScripts.Entel_stripts" name="programes_entel" time="10.081"/>
  <testcase classname="org.nagra.testScripts.Entel_stripts" name="services_entel" time="0.0">
    <ignored/>
  </testcase> <!-- services_entel -->
  <testcase classname="org.nagra.testScripts.Entel_stripts" name="user_capabilities_entel" time="0.0">
    <ignored/>
  </testcase> <!-- user_capabilities_entel -->
  <testcase classname="org.nagra.testScripts.Entel_stripts" name="token_entel" time="0.0">
    <ignored/>
  </testcase> <!-- token_entel -->
</testsuite> <!-- Default test -->
