<?xml version="1.0" encoding="UTF-8"?>
<testng-results ignored="0" total="1" passed="1" failed="0" skipped="0">
  <reporter-output>
  </reporter-output>
  <suite started-at="2024-11-20T18:35:16 COT" name="Default suite" finished-at="2024-11-20T18:35:20 COT" duration-ms="3193">
    <groups>
    </groups>
    <test started-at="2024-11-20T18:35:16 COT" name="Default test" finished-at="2024-11-20T18:35:20 COT" duration-ms="3193">
      <class name="org.nagra.testScripts.Entel_scripts_2">
        <test-method signature="services()[pri:3, instance:org.nagra.testScripts.Entel_scripts_2@1804f60d]" started-at="2024-11-20T18:35:17 COT" name="services" finished-at="2024-11-20T18:35:20 COT" duration-ms="3157" status="PASS">
          <reporter-output>
          </reporter-output>
        </test-method> <!-- services -->
      </class> <!-- org.nagra.testScripts.Entel_scripts_2 -->
    </test> <!-- Default test -->
  </suite> <!-- Default suite -->
</testng-results>
