<?xml version="1.0" encoding="UTF-8"?>
<!-- Generated by org.testng.reporters.JUnitXMLReporter -->
<testsuite ignored="0" hostname="WINAA20CC6M3" failures="0" tests="4" name="Default XmlTest name 6dfafbe2-71f5-4dc8-aebf-06f64875bcb3" time="12.693" errors="0" timestamp="2024-10-29T11:20:32 COT">
  <testcase classname="org.nagra.testScripts.Entel_scripts" name="token_entel" time="3.358"/>
  <testcase classname="org.nagra.testScripts.Entel_scripts" name="services_entel" time="2.422"/>
  <testcase classname="org.nagra.testScripts.Entel_scripts" name="user_capabilities_entel" time="1.124"/>
  <testcase classname="org.nagra.testScripts.Entel_scripts" name="programes_entel" time="5.727"/>
</testsuite> <!-- Default XmlTest name 6dfafbe2-71f5-4dc8-aebf-06f64875bcb3 -->
