<?xml version="1.0" encoding="UTF-8"?>
<!-- Generated by org.testng.reporters.JUnitXMLReporter -->
<testsuite ignored="0" hostname="WINAA20CC6M3" failures="0" tests="4" name="Default XmlTest name 3accc679-9994-43fc-a161-274ec4c47131" time="10.656" errors="0" timestamp="2024-10-30T19:22:34 COT">
  <testcase classname="org.nagra.testScripts.Entel_scripts" name="programes_entel" time="8.854"/>
  <testcase classname="org.nagra.testScripts.Entel_scripts" name="services_entel" time="0.733"/>
  <testcase classname="org.nagra.testScripts.Entel_scripts" name="token_entel" time="0.519"/>
  <testcase classname="org.nagra.testScripts.Entel_scripts" name="user_capabilities_entel" time="0.501"/>
</testsuite> <!-- Default XmlTest name 3accc679-9994-43fc-a161-274ec4c47131 -->
