<?xml version="1.0" encoding="UTF-8"?>
<!-- Generated by org.testng.reporters.JUnitXMLReporter -->
<testsuite ignored="2" hostname="WINAA20CC6M3" failures="0" tests="2" name="Default XmlTest name 7a68351a-2dd3-46fa-b122-2c7564f360ba" time="6.989" errors="0" timestamp="2024-10-29T10:29:51 COT">
  <testcase classname="org.nagra.testScripts.Entel_scripts" name="token_entel" time="4.308"/>
  <testcase classname="org.nagra.testScripts.Entel_scripts" name="services_entel" time="2.61"/>
  <testcase classname="org.nagra.testScripts.Entel_scripts" name="programes_entel" time="0.0">
    <ignored/>
  </testcase> <!-- programes_entel -->
  <testcase classname="org.nagra.testScripts.Entel_scripts" name="user_capabilities_entel" time="0.0">
    <ignored/>
  </testcase> <!-- user_capabilities_entel -->
</testsuite> <!-- Default XmlTest name 7a68351a-2dd3-46fa-b122-2c7564f360ba -->
