<?xml version="1.0" encoding="UTF-8"?>
<!-- Generated by org.testng.reporters.JUnitXMLReporter -->
<testsuite ignored="0" hostname="WINAA20CC6M3" failures="0" tests="4" name="Default XmlTest name 90ed5b13-cb9b-438d-b88e-65ade40d1489" time="10.097" errors="0" timestamp="2024-10-30T20:43:10 COT">
  <testcase classname="org.nagra.testScripts.Entel_scripts" name="token_entel" time="1.657"/>
  <testcase classname="org.nagra.testScripts.Entel_scripts" name="services_entel" time="1.228"/>
  <testcase classname="org.nagra.testScripts.Entel_scripts" name="user_capabilities_entel" time="0.407"/>
  <testcase classname="org.nagra.testScripts.Entel_scripts" name="programes_entel" time="6.75"/>
</testsuite> <!-- Default XmlTest name 90ed5b13-cb9b-438d-b88e-65ade40d1489 -->
