<?xml version="1.0" encoding="UTF-8"?>
<!-- Generated by org.testng.reporters.JUnitXMLReporter -->
<testsuite ignored="1" hostname="WINAA20CC6M3" failures="0" tests="3" name="Default XmlTest name fe94fa23-7180-409a-8846-2c85adc3d79b" time="11.896" errors="0" timestamp="2024-11-11T11:22:06 COT">
  <testcase classname="org.nagra.testScripts.Entel_scripts" name="services_entel" time="3.784"/>
  <testcase classname="org.nagra.testScripts.Entel_scripts" name="user_capabilities_entel" time="0.799"/>
  <testcase classname="org.nagra.testScripts.Entel_scripts" name="programes_entel" time="7.261"/>
  <testcase classname="org.nagra.testScripts.Entel_scripts" name="token_entel" time="0.0">
    <ignored/>
  </testcase> <!-- token_entel -->
</testsuite> <!-- Default XmlTest name fe94fa23-7180-409a-8846-2c85adc3d79b -->
