<?xml version="1.0" encoding="UTF-8"?>
<!-- Generated by org.testng.reporters.JUnitXMLReporter -->
<testsuite ignored="3" hostname="WINAA20CC6M3" failures="0" tests="1" name="Default XmlTest name 755a5f53-4d37-4c87-9079-c94f14e996b7" time="3.911" errors="0" timestamp="2024-10-30T19:17:12 COT">
  <testcase classname="org.nagra.testScripts.Entel_scripts" name="services_entel" time="3.87"/>
  <testcase classname="org.nagra.testScripts.Entel_scripts" name="programes_entel" time="0.0">
    <ignored/>
  </testcase> <!-- programes_entel -->
  <testcase classname="org.nagra.testScripts.Entel_scripts" name="token_entel" time="0.0">
    <ignored/>
  </testcase> <!-- token_entel -->
  <testcase classname="org.nagra.testScripts.Entel_scripts" name="user_capabilities_entel" time="0.0">
    <ignored/>
  </testcase> <!-- user_capabilities_entel -->
</testsuite> <!-- Default XmlTest name 755a5f53-4d37-4c87-9079-c94f14e996b7 -->
