<?xml version="1.0" encoding="UTF-8"?>
<!-- Generated by org.testng.reporters.JUnitXMLReporter -->
<testsuite ignored="2" hostname="WINAA20CC6M3" failures="0" tests="2" name="Default XmlTest name 0f8bce83-7fb7-4bb6-93d9-26e1f263c61e" time="4.877" errors="0" timestamp="2024-11-11T11:35:58 COT">
  <testcase classname="org.nagra.testScripts.Entel_scripts" name="token_entel" time="3.291"/>
  <testcase classname="org.nagra.testScripts.Entel_scripts" name="user_capabilities_entel" time="1.516"/>
  <testcase classname="org.nagra.testScripts.Entel_scripts" name="services_entel" time="0.0">
    <ignored/>
  </testcase> <!-- services_entel -->
  <testcase classname="org.nagra.testScripts.Entel_scripts" name="programes_entel" time="0.0">
    <ignored/>
  </testcase> <!-- programes_entel -->
</testsuite> <!-- Default XmlTest name 0f8bce83-7fb7-4bb6-93d9-26e1f263c61e -->
