<?xml version="1.0" encoding="UTF-8"?>
<!-- Generated by org.testng.reporters.JUnitXMLReporter -->
<testsuite ignored="0" hostname="WINAA20CC6M3" failures="0" tests="4" name="Default XmlTest name 5d2d3e28-6146-4ed5-a24d-bc956e4b4243" time="12.476" errors="0" timestamp="2024-10-30T19:18:18 COT">
  <testcase classname="org.nagra.testScripts.Entel_scripts" name="programes_entel" time="10.742"/>
  <testcase classname="org.nagra.testScripts.Entel_scripts" name="services_entel" time="0.88"/>
  <testcase classname="org.nagra.testScripts.Entel_scripts" name="token_entel" time="0.298"/>
  <testcase classname="org.nagra.testScripts.Entel_scripts" name="user_capabilities_entel" time="0.503"/>
</testsuite> <!-- Default XmlTest name 5d2d3e28-6146-4ed5-a24d-bc956e4b4243 -->
