<?xml version="1.0" encoding="UTF-8"?>
<!-- Generated by org.testng.reporters.JUnitXMLReporter -->
<testsuite ignored="0" hostname="WINAA20CC6M3" failures="0" tests="4" name="Default XmlTest name 08e3ab9b-dfb3-49f4-9146-bd530619304c" time="5.079" errors="0" timestamp="2024-10-30T19:23:42 COT">
  <testcase classname="org.nagra.testScripts.Entel_scripts" name="token_entel" time="2.188"/>
  <testcase classname="org.nagra.testScripts.Entel_scripts" name="services_entel" time="1.341"/>
  <testcase classname="org.nagra.testScripts.Entel_scripts" name="user_capabilities_entel" time="0.508"/>
  <testcase classname="org.nagra.testScripts.Entel_scripts" name="programes_entel" time="0.996"/>
</testsuite> <!-- Default XmlTest name 08e3ab9b-dfb3-49f4-9146-bd530619304c -->
