<?xml version="1.0" encoding="UTF-8"?>
<!-- Generated by org.testng.reporters.JUnitXMLReporter -->
<testsuite ignored="2" hostname="WINAA20CC6M3" failures="0" tests="2" name="Default XmlTest name 25c51b63-984d-41b7-89f1-a97a8b50804e" time="6.421" errors="0" timestamp="2024-10-22T12:15:54 COT">
  <testcase classname="org.nagra.testScripts.Entel_scripts" name="token_entel" time="2.643"/>
  <testcase classname="org.nagra.testScripts.Entel_scripts" name="services_entel" time="3.731"/>
  <testcase classname="org.nagra.testScripts.Entel_scripts" name="programes_entel" time="0.0">
    <ignored/>
  </testcase> <!-- programes_entel -->
  <testcase classname="org.nagra.testScripts.Entel_scripts" name="user_capabilities_entel" time="0.0">
    <ignored/>
  </testcase> <!-- user_capabilities_entel -->
</testsuite> <!-- Default XmlTest name 25c51b63-984d-41b7-89f1-a97a8b50804e -->
