<?xml version="1.0" encoding="UTF-8"?>
<!-- Generated by org.testng.reporters.JUnitXMLReporter -->
<testsuite ignored="3" hostname="WINAA20CC6M3" failures="0" tests="1" name="Default XmlTest name f64f33c5-9ebe-48ef-8008-37197b034421" time="3.541" errors="0" timestamp="2024-11-13T10:50:18 COT">
  <testcase classname="org.nagra.testScripts.Entel_scripts" name="services_entel" time="3.482"/>
  <testcase classname="org.nagra.testScripts.Entel_scripts" name="user_capabilities_entel" time="0.0">
    <ignored/>
  </testcase> <!-- user_capabilities_entel -->
  <testcase classname="org.nagra.testScripts.Entel_scripts" name="token_entel" time="0.0">
    <ignored/>
  </testcase> <!-- token_entel -->
  <testcase classname="org.nagra.testScripts.Entel_scripts" name="programes_entel" time="0.0">
    <ignored/>
  </testcase> <!-- programes_entel -->
</testsuite> <!-- Default XmlTest name f64f33c5-9ebe-48ef-8008-37197b034421 -->
