<?xml version="1.0" encoding="UTF-8"?>
<!-- Generated by org.testng.reporters.JUnitXMLReporter -->
<testsuite ignored="2" hostname="WINAA20CC6M3" failures="0" tests="2" name="Default XmlTest name 4edba6a0-2159-4303-abe8-317b0b2e93e1" time="5.058" errors="0" timestamp="2024-10-30T10:23:38 COT">
  <testcase classname="org.nagra.testScripts.Entel_scripts" name="token_entel" time="2.166"/>
  <testcase classname="org.nagra.testScripts.Entel_scripts" name="services_entel" time="2.848"/>
  <testcase classname="org.nagra.testScripts.Entel_scripts" name="programes_entel" time="0.0">
    <ignored/>
  </testcase> <!-- programes_entel -->
  <testcase classname="org.nagra.testScripts.Entel_scripts" name="user_capabilities_entel" time="0.0">
    <ignored/>
  </testcase> <!-- user_capabilities_entel -->
</testsuite> <!-- Default XmlTest name 4edba6a0-2159-4303-abe8-317b0b2e93e1 -->
