<?xml version="1.0" encoding="UTF-8"?>
<!-- Generated by org.testng.reporters.JUnitXMLReporter -->
<testsuite ignored="3" hostname="WINAA20CC6M3" failures="0" tests="1" name="Default XmlTest name a679f355-a5b1-456e-97d5-828c3eccbe21" time="2.847" errors="0" timestamp="2024-11-11T11:43:23 COT">
  <testcase classname="org.nagra.testScripts.Entel_scripts" name="services_entel" time="2.785"/>
  <testcase classname="org.nagra.testScripts.Entel_scripts" name="token_entel" time="0.0">
    <ignored/>
  </testcase> <!-- token_entel -->
  <testcase classname="org.nagra.testScripts.Entel_scripts" name="programes_entel" time="0.0">
    <ignored/>
  </testcase> <!-- programes_entel -->
  <testcase classname="org.nagra.testScripts.Entel_scripts" name="user_capabilities_entel" time="0.0">
    <ignored/>
  </testcase> <!-- user_capabilities_entel -->
</testsuite> <!-- Default XmlTest name a679f355-a5b1-456e-97d5-828c3eccbe21 -->
