<?xml version="1.0" encoding="UTF-8"?>
<!-- Generated by org.testng.reporters.JUnitXMLReporter -->
<testsuite ignored="3" hostname="WINAA20CC6M3" failures="0" tests="1" name="Default XmlTest name 6c23bab2-a85c-4c88-b66e-2da551976025" time="4.625" errors="0" timestamp="2024-12-12T08:50:58 COT">
  <testcase classname="org.nagra.testScripts.Entel_scripts" name="services_entel" time="4.544"/>
  <testcase classname="org.nagra.testScripts.Entel_scripts" name="token_entel" time="0.0">
    <ignored/>
  </testcase> <!-- token_entel -->
  <testcase classname="org.nagra.testScripts.Entel_scripts" name="programes_entel" time="0.0">
    <ignored/>
  </testcase> <!-- programes_entel -->
  <testcase classname="org.nagra.testScripts.Entel_scripts" name="user_capabilities_entel" time="0.0">
    <ignored/>
  </testcase> <!-- user_capabilities_entel -->
</testsuite> <!-- Default XmlTest name 6c23bab2-a85c-4c88-b66e-2da551976025 -->
