<?xml version="1.0" encoding="UTF-8"?>
<!-- Generated by org.testng.reporters.JUnitXMLReporter -->
<testsuite ignored="2" hostname="WINAA20CC6M3" failures="0" tests="2" name="Default XmlTest name 7455651b-f8b2-4062-b2be-cb337a47171a" time="5.089" errors="0" timestamp="2024-11-11T11:41:33 COT">
  <testcase classname="org.nagra.testScripts.Entel_scripts" name="user_capabilities_entel" time="2.822"/>
  <testcase classname="org.nagra.testScripts.Entel_scripts" name="programes_entel" time="2.222"/>
  <testcase classname="org.nagra.testScripts.Entel_scripts" name="token_entel" time="0.0">
    <ignored/>
  </testcase> <!-- token_entel -->
  <testcase classname="org.nagra.testScripts.Entel_scripts" name="services_entel" time="0.0">
    <ignored/>
  </testcase> <!-- services_entel -->
</testsuite> <!-- Default XmlTest name 7455651b-f8b2-4062-b2be-cb337a47171a -->
