<?xml version="1.0" encoding="UTF-8"?>
<!-- Generated by org.testng.reporters.JUnitXMLReporter -->
<testsuite ignored="3" hostname="WINAA20CC6M3" failures="1" tests="1" name="Default XmlTest name e58dffd9-1c91-4aaf-9698-30d67a511773" time="3.11" errors="0" timestamp="2024-10-30T10:56:24 COT">
  <testcase classname="org.nagra.testScripts.Entel_scripts" name="services_entel" time="3.065">
    <failure type="java.lang.NullPointerException" message="Cannot invoke &amp;quot;Object.toString()&amp;quot; because &amp;quot;responseValue&amp;quot; is null">
      <![CDATA[java.lang.NullPointerException: Cannot invoke "Object.toString()" because "responseValue" is null
at org.nagra.utilities.JsonParsing.doParsing(JsonParsing.java:27)
at org.nagra.utilities.JsonParsing.doParsing(JsonParsing.java:10)
at org.nagra.responseValidation.validateResponse.dataValidate(validateResponse.java:19)
at org.nagra.testScripts.validation.get_validation(validation.java:83)
at org.nagra.testScripts.Entel_scripts.services_entel(Entel_scripts.java:89)
at java.base/java.util.ArrayList.forEach(ArrayList.java:1596)
at org.nagra.trigger.Runner2.main(Runner2.java:69)
... Removed 22 stack frames]]>
    </failure>
  </testcase> <!-- services_entel -->
  <testcase classname="org.nagra.testScripts.Entel_scripts" name="programes_entel" time="0.0">
    <ignored/>
  </testcase> <!-- programes_entel -->
  <testcase classname="org.nagra.testScripts.Entel_scripts" name="user_capabilities_entel" time="0.0">
    <ignored/>
  </testcase> <!-- user_capabilities_entel -->
  <testcase classname="org.nagra.testScripts.Entel_scripts" name="token_entel" time="0.0">
    <ignored/>
  </testcase> <!-- token_entel -->
</testsuite> <!-- Default XmlTest name e58dffd9-1c91-4aaf-9698-30d67a511773 -->
