<?xml version="1.0" encoding="UTF-8"?>
<!-- Generated by org.testng.reporters.JUnitXMLReporter -->
<testsuite ignored="0" hostname="WINAA20CC6M3" failures="0" tests="4" name="Default XmlTest name 55bea4a1-fcbb-4e0f-9899-b6d1dda94c3d" time="10.817" errors="0" timestamp="2024-10-22T12:04:43 COT">
  <testcase classname="org.nagra.testScripts.Entel_scripts" name="token_entel" time="2.212"/>
  <testcase classname="org.nagra.testScripts.Entel_scripts" name="services_entel" time="1.869"/>
  <testcase classname="org.nagra.testScripts.Entel_scripts" name="user_capabilities_entel" time="0.481"/>
  <testcase classname="org.nagra.testScripts.Entel_scripts" name="programes_entel" time="6.21"/>
</testsuite> <!-- Default XmlTest name 55bea4a1-fcbb-4e0f-9899-b6d1dda94c3d -->
