<?xml version="1.0" encoding="UTF-8"?>
<!-- Generated by org.testng.reporters.JUnitXMLReporter -->
<testsuite ignored="0" hostname="WINAA20CC6M3" failures="0" tests="4" name="Default XmlTest name e0fc2feb-4d63-4c3b-8c8d-fdfeaaf51c5f" time="14.437" errors="0" timestamp="2024-11-13T10:45:22 COT">
  <testcase classname="org.nagra.testScripts.Entel_scripts" name="token_entel" time="2.305"/>
  <testcase classname="org.nagra.testScripts.Entel_scripts" name="services_entel" time="2.044"/>
  <testcase classname="org.nagra.testScripts.Entel_scripts" name="user_capabilities_entel" time="0.878"/>
  <testcase classname="org.nagra.testScripts.Entel_scripts" name="programes_entel" time="9.161"/>
</testsuite> <!-- Default XmlTest name e0fc2feb-4d63-4c3b-8c8d-fdfeaaf51c5f -->
