<?xml version="1.0" encoding="UTF-8"?>
<!-- Generated by org.testng.reporters.JUnitXMLReporter -->
<testsuite ignored="2" hostname="WINAA20CC6M3" failures="0" tests="2" name="Default XmlTest name f1413378-96a2-405e-ab23-8a3274a7f511" time="9.077" errors="0" timestamp="2024-11-11T11:39:28 COT">
  <testcase classname="org.nagra.testScripts.Entel_scripts" name="user_capabilities_entel" time="2.364"/>
  <testcase classname="org.nagra.testScripts.Entel_scripts" name="programes_entel" time="6.668"/>
  <testcase classname="org.nagra.testScripts.Entel_scripts" name="token_entel" time="0.0">
    <ignored/>
  </testcase> <!-- token_entel -->
  <testcase classname="org.nagra.testScripts.Entel_scripts" name="services_entel" time="0.0">
    <ignored/>
  </testcase> <!-- services_entel -->
</testsuite> <!-- Default XmlTest name f1413378-96a2-405e-ab23-8a3274a7f511 -->
