<?xml version="1.0" encoding="UTF-8"?>
<!-- Generated by org.testng.reporters.JUnitXMLReporter -->
<testsuite ignored="0" hostname="WINAA20CC6M3" failures="0" tests="4" name="Test_Entel_Demo" time="10.155" errors="0" timestamp="2024-10-22T09:20:56 COT">
  <testcase classname="org.nagra.testScripts.Entel_scripts" name="token_entel" time="2.527"/>
  <testcase classname="org.nagra.testScripts.Entel_scripts" name="services_entel" time="1.755"/>
  <testcase classname="org.nagra.testScripts.Entel_scripts" name="user_capabilities_entel" time="0.951"/>
  <testcase classname="org.nagra.testScripts.Entel_scripts" name="programes_entel" time="4.863"/>
</testsuite> <!-- Test_Entel_Demo -->
