<?xml version="1.0" encoding="UTF-8"?>
<!-- Generated by org.testng.reporters.JUnitXMLReporter -->
<testsuite ignored="0" hostname="WINAA20CC6M3" failures="0" tests="4" name="Test" time="5.796" errors="0" timestamp="2024-10-21T17:30:52 COT">
  <testcase classname="org.nagra.testScripts.retrieve_token" name="token_entel" time="2.325"/>
  <testcase classname="org.nagra.testScripts.get_user_capabilities" name="user_capabilities_entel" time="1.526"/>
  <testcase classname="org.nagra.testScripts.get_services" name="services_entel" time="0.971"/>
  <testcase classname="org.nagra.testScripts.get_programes" name="programes_entel" time="0.914"/>
</testsuite> <!-- Test -->
